Drill report for dcclicht.kicad_pcb
Created on 2025-01-29T22:05:02+0000

Copper Layer Stackup:
    =============================================================
    L1 :  F.Cu                      front
    L2 :  B.Cu                      back


Drill file 'dcclicht-PTH.drl' contains
    plated through holes:
    =============================================================
    T1  0.300mm  0.0118"  (78 holes)
    T2  0.500mm  0.0197"  (2 holes)  (with 2 slots)
    T3  0.800mm  0.0315"  (5 holes)
    T4  0.800mm  0.0315"  (2 holes)
    T5  0.900mm  0.0354"  (6 holes)
    T6  1.100mm  0.0433"  (40 holes)
    T7  1.150mm  0.0453"  (8 holes)
    T8  1.200mm  0.0472"  (2 holes)
    T9  1.600mm  0.0630"  (4 holes)
    T10  3.200mm  0.1260"  (4 holes)

    Total plated holes count 151


Drill file 'dcclicht-NPTH.drl' contains
    unplated through holes:
    =============================================================
    T1  0.991mm  0.0390"  (3 holes)
    T2  2.375mm  0.0935"  (4 holes)

    Total unplated holes count 7
